  CenfoChristmast.cpp
C:\Users\juana\Documents\GitHub\CenfoChristmast\CenfoChristmast\CenfoChristmast.cpp(240,5): error C2065: 'listaUsuarios': identificador no declarado
C:\Users\juana\Documents\GitHub\CenfoChristmast\CenfoChristmast\CenfoChristmast.cpp(240,20): error C2065: 'lista': identificador no declarado
C:\Users\juana\Documents\GitHub\CenfoChristmast\CenfoChristmast\CenfoChristmast.cpp(240,32): error C2061: error de sintaxis: identificador 'listaUsuarios'
C:\Users\juana\Documents\GitHub\CenfoChristmast\CenfoChristmast\CenfoChristmast.cpp(244,5): error C2065: 'usuario': identificador no declarado
C:\Users\juana\Documents\GitHub\CenfoChristmast\CenfoChristmast\CenfoChristmast.cpp(244,13): error C2146: error de sintaxis: falta ';' delante del identificador 'user'
C:\Users\juana\Documents\GitHub\CenfoChristmast\CenfoChristmast\CenfoChristmast.cpp(244,13): error C2065: 'user': identificador no declarado
C:\Users\juana\Documents\GitHub\CenfoChristmast\CenfoChristmast\CenfoChristmast.cpp(296,13): error C2065: 'usuario': identificador no declarado
C:\Users\juana\Documents\GitHub\CenfoChristmast\CenfoChristmast\CenfoChristmast.cpp(296,21): error C2146: error de sintaxis: falta ';' delante del identificador 'user'
C:\Users\juana\Documents\GitHub\CenfoChristmast\CenfoChristmast\CenfoChristmast.cpp(296,21): error C2065: 'user': identificador no declarado
C:\Users\juana\Documents\GitHub\CenfoChristmast\CenfoChristmast\CenfoChristmast.cpp(296,28): error C3861: 'usuario': no se encontró el identificador
C:\Users\juana\Documents\GitHub\CenfoChristmast\CenfoChristmast\CenfoChristmast.cpp(297,13): error C2065: 'lista': identificador no declarado
C:\Users\juana\Documents\GitHub\CenfoChristmast\CenfoChristmast\CenfoChristmast.cpp(297,34): error C2065: 'user': identificador no declarado
C:\Users\juana\Documents\GitHub\CenfoChristmast\CenfoChristmast\CenfoChristmast.cpp(333,13): error C2065: 'usuario': identificador no declarado
C:\Users\juana\Documents\GitHub\CenfoChristmast\CenfoChristmast\CenfoChristmast.cpp(333,21): error C2146: error de sintaxis: falta ';' delante del identificador 'user'
C:\Users\juana\Documents\GitHub\CenfoChristmast\CenfoChristmast\CenfoChristmast.cpp(333,21): error C2065: 'user': identificador no declarado
C:\Users\juana\Documents\GitHub\CenfoChristmast\CenfoChristmast\CenfoChristmast.cpp(333,28): error C3861: 'usuario': no se encontró el identificador
C:\Users\juana\Documents\GitHub\CenfoChristmast\CenfoChristmast\CenfoChristmast.cpp(334,13): error C2065: 'lista': identificador no declarado
C:\Users\juana\Documents\GitHub\CenfoChristmast\CenfoChristmast\CenfoChristmast.cpp(334,33): error C2065: 'user': identificador no declarado
C:\Users\juana\Documents\GitHub\CenfoChristmast\CenfoChristmast\CenfoChristmast.cpp(373,13): error C2065: 'usuario': identificador no declarado
C:\Users\juana\Documents\GitHub\CenfoChristmast\CenfoChristmast\CenfoChristmast.cpp(373,21): error C2146: error de sintaxis: falta ';' delante del identificador 'user'
C:\Users\juana\Documents\GitHub\CenfoChristmast\CenfoChristmast\CenfoChristmast.cpp(373,21): error C2065: 'user': identificador no declarado
C:\Users\juana\Documents\GitHub\CenfoChristmast\CenfoChristmast\CenfoChristmast.cpp(373,28): error C3861: 'usuario': no se encontró el identificador
C:\Users\juana\Documents\GitHub\CenfoChristmast\CenfoChristmast\CenfoChristmast.cpp(374,17): error C2065: 'lista': identificador no declarado
C:\Users\juana\Documents\GitHub\CenfoChristmast\CenfoChristmast\CenfoChristmast.cpp(374,39): error C2065: 'user': identificador no declarado
C:\Users\juana\Documents\GitHub\CenfoChristmast\CenfoChristmast\CenfoChristmast.cpp(416,13): error C2065: 'usuario': identificador no declarado
C:\Users\juana\Documents\GitHub\CenfoChristmast\CenfoChristmast\CenfoChristmast.cpp(416,21): error C2146: error de sintaxis: falta ';' delante del identificador 'user'
C:\Users\juana\Documents\GitHub\CenfoChristmast\CenfoChristmast\CenfoChristmast.cpp(416,21): error C2065: 'user': identificador no declarado
C:\Users\juana\Documents\GitHub\CenfoChristmast\CenfoChristmast\CenfoChristmast.cpp(416,28): error C3861: 'usuario': no se encontró el identificador
C:\Users\juana\Documents\GitHub\CenfoChristmast\CenfoChristmast\CenfoChristmast.cpp(417,17): error C2065: 'lista': identificador no declarado
C:\Users\juana\Documents\GitHub\CenfoChristmast\CenfoChristmast\CenfoChristmast.cpp(417,41): error C2065: 'user': identificador no declarado
C:\Users\juana\Documents\GitHub\CenfoChristmast\CenfoChristmast\CenfoChristmast.cpp(457,13): error C2065: 'usuario': identificador no declarado
C:\Users\juana\Documents\GitHub\CenfoChristmast\CenfoChristmast\CenfoChristmast.cpp(457,21): error C2146: error de sintaxis: falta ';' delante del identificador 'user'
C:\Users\juana\Documents\GitHub\CenfoChristmast\CenfoChristmast\CenfoChristmast.cpp(457,21): error C2065: 'user': identificador no declarado
C:\Users\juana\Documents\GitHub\CenfoChristmast\CenfoChristmast\CenfoChristmast.cpp(457,28): error C3861: 'usuario': no se encontró el identificador
C:\Users\juana\Documents\GitHub\CenfoChristmast\CenfoChristmast\CenfoChristmast.cpp(458,17): error C2065: 'lista': identificador no declarado
C:\Users\juana\Documents\GitHub\CenfoChristmast\CenfoChristmast\CenfoChristmast.cpp(458,40): error C2065: 'user': identificador no declarado
C:\Users\juana\Documents\GitHub\CenfoChristmast\CenfoChristmast\CenfoChristmast.cpp(468,17): error C2065: 'lista': identificador no declarado
C:\Users\juana\Documents\GitHub\CenfoChristmast\CenfoChristmast\CenfoChristmast.cpp(487,17): error C2065: 'lista': identificador no declarado
C:\Users\juana\Documents\GitHub\CenfoChristmast\CenfoChristmast\CenfoChristmast.cpp(493,17): error C2065: 'lista': identificador no declarado
C:\Users\juana\Documents\GitHub\CenfoChristmast\CenfoChristmast\CenfoChristmast.cpp(508,17): error C2065: 'lista': identificador no declarado
C:\Users\juana\Documents\GitHub\CenfoChristmast\CenfoChristmast\CenfoChristmast.cpp(512,17): error C2065: 'lista': identificador no declarado
  ListaCategoria.cpp
  productoNodo.cpp
  Generando código...
